============================= test session starts ==============================
platform linux -- Python 3.10.12, pytest-8.4.1, pluggy-1.6.0 -- /home/devuser/workspace/app/ams/.venv/bin/python
cachedir: .pytest_cache
rootdir: /home/devuser/workspace/app/ams
configfile: pyproject.toml
plugins: asyncio-1.1.0, langsmith-0.4.8, xdist-3.8.0, anyio-4.9.0, cov-6.2.1, timeout-2.4.0, mock-3.14.1
asyncio: mode=auto, asyncio_default_fixture_loop_scope=None, asyncio_default_test_loop_scope=function
collecting ... collected 167 items

tests/unit/server/test_app.py::TestHealthCheck::test_health_check_returns_healthy PASSED [  0%]
tests/unit/server/test_app.py::TestSimulationCreate::test_create_simulation_minimal FAILED [  1%]
tests/unit/server/test_app.py::TestSimulationCreate::test_create_simulation_with_metadata PASSED [  1%]
tests/unit/server/test_app.py::TestSimulationCreate::test_create_simulation_with_config PASSED [  2%]
tests/unit/server/test_app.py::TestSimulationCreate::test_create_simulation_invalid_data PASSED [  2%]
tests/unit/server/test_app.py::TestSimulationGet::test_get_simulation_success PASSED [  3%]
tests/unit/server/test_app.py::TestSimulationGet::test_get_simulation_not_found PASSED [  4%]
tests/unit/server/test_app.py::TestSimulationStatus::test_get_status_success PASSED [  4%]
tests/unit/server/test_app.py::TestSimulationStatus::test_get_status_not_found PASSED [  5%]
tests/unit/server/test_app.py::TestSimulationResults::test_get_results_completed PASSED [  5%]
tests/unit/server/test_app.py::TestSimulationResults::test_get_results_not_completed PASSED [  6%]
tests/unit/server/test_app.py::TestSimulationResults::test_get_results_not_found PASSED [  7%]
tests/unit/server/test_app.py::TestWebSocket::test_websocket_connection_valid_simulation PASSED [  7%]
tests/unit/server/test_app.py::TestWebSocket::test_websocket_connection_invalid_simulation PASSED [  8%]
tests/unit/server/test_app.py::TestErrorHandlers::test_http_exception_handler PASSED [  8%]
tests/unit/server/test_app.py::TestErrorHandlers::test_general_exception_handler PASSED [  9%]
tests/unit/server/test_integration.py::TestOrchestratorIntegration::test_simulation_with_orchestrator_mock FAILED [ 10%]
tests/unit/server/test_integration.py::TestOrchestratorIntegration::test_simulation_status_tracking PASSED [ 10%]
tests/unit/server/test_integration.py::TestOrchestratorIntegration::test_simulation_with_custom_config PASSED [ 11%]
tests/unit/server/test_integration.py::TestOrchestratorIntegration::test_websocket_updates_during_simulation PASSED [ 11%]
tests/unit/test_aggregator.py::TestAggregatorAgent::test_aggregate_basic_metrics ERROR [ 12%]
tests/unit/test_aggregator.py::TestAggregatorAgent::test_suggestion_prioritization ERROR [ 13%]
tests/unit/test_aggregator.py::TestAggregatorAgent::test_sentiment_distribution ERROR [ 13%]
tests/unit/test_aggregator.py::TestAggregatorAgent::test_segment_analysis ERROR [ 14%]
tests/unit/test_aggregator.py::TestAggregatorAgent::test_empty_evaluations PASSED [ 14%]
tests/unit/test_aggregator.py::TestAggregatorAgent::test_single_evaluation FAILED [ 15%]
tests/unit/test_aggregator.py::TestAggregatorAgent::test_metric_aggregation_completeness ERROR [ 16%]
tests/unit/test_aggregator.py::TestAggregatorAgent::test_outlier_handling FAILED [ 16%]
tests/unit/test_aggregator.py::TestAggregatorAgent::test_llm_insights_generation ERROR [ 17%]
tests/unit/test_aggregator.py::TestAggregatorAgent::test_aggregate_metrics_calculation FAILED [ 17%]
tests/unit/test_aggregator.py::TestAggregatorAgent::test_boundary_value_zero_score FAILED [ 18%]
tests/unit/test_aggregator.py::TestAggregatorAgent::test_boundary_value_maximum_score FAILED [ 19%]
tests/unit/test_aggregator.py::TestAggregatorAgent::test_boundary_value_invalid_negative_score FAILED [ 19%]
tests/unit/test_aggregator.py::TestAggregatorAgent::test_boundary_value_invalid_above_maximum FAILED [ 20%]
tests/unit/test_aggregator.py::TestAggregatorAgent::test_large_dataset_aggregation FAILED [ 20%]
tests/unit/test_aggregator.py::TestAggregatorAgent::test_all_same_score_aggregation FAILED [ 21%]
tests/unit/test_aggregator.py::TestAggregatorAgent::test_extreme_outlier_detection FAILED [ 22%]
tests/unit/test_aggregator.py::TestAggregatorAgent::test_llm_insights_error_handling FAILED [ 22%]
tests/unit/test_aggregator.py::TestAggregatorAgent::test_empty_suggestions_handling FAILED [ 23%]
tests/unit/test_analyzer.py::TestAnalysisAgent::test_initialization PASSED [ 23%]
tests/unit/test_analyzer.py::TestAnalysisAgent::test_analyze_success PASSED [ 24%]
tests/unit/test_analyzer.py::TestAnalysisAgent::test_analyze_with_errors PASSED [ 25%]
tests/unit/test_analyzer.py::TestAnalysisAgent::test_analyze_structure PASSED [ 25%]
tests/unit/test_analyzer.py::TestAnalysisAgent::test_analyze_readability PASSED [ 26%]
tests/unit/test_analyzer.py::TestAnalysisAgent::test_estimate_difficulty PASSED [ 26%]
tests/unit/test_analyzer.py::TestAnalysisAgent::test_parse_json_response PASSED [ 27%]
tests/unit/test_analyzer.py::TestAnalysisAgent::test_parallel_execution PASSED [ 28%]
tests/unit/test_config.py::TestLLMConfig::test_default_config PASSED     [ 28%]
tests/unit/test_config.py::TestLLMConfig::test_config_with_api_key PASSED [ 29%]
tests/unit/test_config.py::TestLLMConfig::test_invalid_provider_without_key PASSED [ 29%]
tests/unit/test_config.py::TestSimulationConfig::test_default_config PASSED [ 30%]
tests/unit/test_config.py::TestSimulationConfig::test_config_validation PASSED [ 31%]
tests/unit/test_config.py::TestAMSConfig::test_from_env PASSED           [ 31%]
tests/unit/test_config.py::TestAMSConfig::test_to_dict PASSED            [ 32%]
tests/unit/test_config.py::TestLLMSelector::test_selector_initialization PASSED [ 32%]
tests/unit/test_config.py::TestLLMSelector::test_select_model_basic PASSED [ 33%]
tests/unit/test_config.py::TestLLMSelector::test_select_model_with_features PASSED [ 34%]
tests/unit/test_config.py::TestLLMSelector::test_select_model_with_cost_constraint PASSED [ 34%]
tests/unit/test_config.py::TestLLMSelector::test_select_model_fallback PASSED [ 35%]
tests/unit/test_config.py::TestLLMSelector::test_estimate_cost PASSED    [ 35%]
tests/unit/test_config.py::TestLLMSelector::test_provider_preference PASSED [ 36%]
tests/unit/test_config.py::TestLLMSelectorIntegration::test_select_optimal_llm PASSED [ 37%]
tests/unit/test_config.py::TestPerformanceConfig::test_directory_creation PASSED [ 37%]
tests/unit/test_config.py::TestPerformanceConfig::test_default_values PASSED [ 38%]
tests/unit/test_core_interfaces.py::TestBaseAction::test_action_creation PASSED [ 38%]
tests/unit/test_core_interfaces.py::TestBaseAction::test_action_string_representation PASSED [ 39%]
tests/unit/test_core_interfaces.py::TestBaseAction::test_action_validation PASSED [ 40%]
tests/unit/test_core_interfaces.py::TestBaseAgent::test_agent_creation FAILED [ 40%]
tests/unit/test_core_interfaces.py::TestBaseAgent::test_agent_with_custom_attributes FAILED [ 41%]
tests/unit/test_core_interfaces.py::TestBaseAgent::test_agent_perceive PASSED [ 41%]
tests/unit/test_core_interfaces.py::TestBaseAgent::test_agent_act FAILED [ 42%]
tests/unit/test_core_interfaces.py::TestBaseAgent::test_agent_update FAILED [ 43%]
tests/unit/test_core_interfaces.py::TestBaseEnvironment::test_environment_creation FAILED [ 43%]
tests/unit/test_core_interfaces.py::TestBaseEnvironment::test_add_remove_agents FAILED [ 44%]
tests/unit/test_core_interfaces.py::TestBaseEnvironment::test_get_observable_state FAILED [ 44%]
tests/unit/test_core_interfaces.py::TestBaseEnvironment::test_update_state FAILED [ 45%]
tests/unit/test_core_interfaces.py::TestBasePlugin::test_plugin_creation PASSED [ 46%]
tests/unit/test_core_interfaces.py::TestBasePlugin::test_plugin_initialization PASSED [ 46%]
tests/unit/test_core_interfaces.py::TestBasePlugin::test_plugin_lifecycle PASSED [ 47%]
tests/unit/test_core_interfaces.py::TestBaseSimulation::test_simulation_creation FAILED [ 47%]
tests/unit/test_core_interfaces.py::TestBaseSimulation::test_add_plugin FAILED [ 48%]
tests/unit/test_core_interfaces.py::TestBaseSimulation::test_simulation_step FAILED [ 49%]
tests/unit/test_core_interfaces.py::TestBaseSimulation::test_simulation_run FAILED [ 49%]
tests/unit/test_core_interfaces.py::TestBaseSimulation::test_get_results FAILED [ 50%]
tests/unit/test_deep_context_analyzer.py::TestDeepContextAnalyzer::test_analyze_article_context_structure PASSED [ 50%]
tests/unit/test_deep_context_analyzer.py::TestDeepContextAnalyzer::test_discover_hidden_dimensions PASSED [ 51%]
tests/unit/test_deep_context_analyzer.py::TestDeepContextAnalyzer::test_calculate_complexity_score PASSED [ 52%]
tests/unit/test_deep_context_analyzer.py::TestDeepContextAnalyzer::test_estimate_reach_potential PASSED [ 52%]
tests/unit/test_deep_context_analyzer.py::TestDeepContextAnalyzer::test_analyze_article_context_integration PASSED [ 53%]
tests/unit/test_deep_context_analyzer.py::TestDeepContextAnalyzer::test_parse_analysis_response PASSED [ 53%]
tests/unit/test_deep_context_analyzer.py::TestDeepContextAnalyzer::test_error_handling PASSED [ 54%]
tests/unit/test_deep_context_analyzer.py::TestDeepContextAnalyzer::test_lightweight_mode_for_short_articles PASSED [ 55%]
tests/unit/test_json_parser.py::TestParseLLMJsonResponse::test_empty_response PASSED [ 55%]
tests/unit/test_json_parser.py::TestParseLLMJsonResponse::test_plain_json PASSED [ 56%]
tests/unit/test_json_parser.py::TestParseLLMJsonResponse::test_json_in_code_block PASSED [ 56%]
tests/unit/test_json_parser.py::TestParseLLMJsonResponse::test_json_in_plain_code_block PASSED [ 57%]
tests/unit/test_json_parser.py::TestParseLLMJsonResponse::test_json_with_surrounding_text PASSED [ 58%]
tests/unit/test_json_parser.py::TestParseLLMJsonResponse::test_array_json PASSED [ 58%]
tests/unit/test_json_parser.py::TestParseLLMJsonResponse::test_malformed_json_recovery PASSED [ 59%]
tests/unit/test_json_parser.py::TestParseLLMJsonResponse::test_parse_failure PASSED [ 59%]
tests/unit/test_json_parser.py::TestSafeJsonLoads::test_valid_json PASSED [ 60%]
tests/unit/test_json_parser.py::TestSafeJsonLoads::test_json_with_trailing_comma PASSED [ 61%]
tests/unit/test_json_parser.py::TestSafeJsonLoads::test_json_with_single_quotes PASSED [ 61%]
tests/unit/test_json_parser.py::TestSafeJsonLoads::test_json_with_python_booleans PASSED [ 62%]
tests/unit/test_json_parser.py::TestExtractors::test_extract_json_block PASSED [ 62%]
tests/unit/test_json_parser.py::TestExtractors::test_extract_code_block PASSED [ 63%]
tests/unit/test_json_parser.py::TestExtractors::test_extract_curly_braces PASSED [ 64%]
tests/unit/test_json_parser.py::TestExtractors::test_extract_plain_json PASSED [ 64%]
tests/unit/test_json_parser.py::TestHelperFunctions::test_clean_response PASSED [ 65%]
tests/unit/test_json_parser.py::TestHelperFunctions::test_fix_common_json_issues PASSED [ 65%]
tests/unit/test_json_parser.py::TestLogging::test_debug_logging_on_extractor_failure PASSED [ 66%]
tests/unit/test_json_parser.py::TestLogging::test_error_logging_on_final_failure PASSED [ 67%]
tests/unit/test_llm_transparency.py::TestTransparentLLM::test_transparent_llm_creation PASSED [ 67%]
tests/unit/test_llm_transparency.py::TestTransparentLLM::test_transparent_llm_invoke PASSED [ 68%]
tests/unit/test_llm_transparency.py::TestTransparentLLM::test_transparent_llm_error_handling PASSED [ 68%]
tests/unit/test_llm_transparency.py::TestTransparentLLM::test_verification_summary PASSED [ 69%]
tests/unit/test_llm_transparency.py::TestVerifyLLMCallDecorator::test_verify_decorator PASSED [ 70%]
tests/unit/test_llm_transparency.py::TestVerifyLLMCallDecorator::test_verify_decorator_with_error PASSED [ 70%]
tests/unit/test_llm_transparency.py::TestLLMCallTracker::test_tracker_initialization PASSED [ 71%]
tests/unit/test_llm_transparency.py::TestLLMCallTracker::test_track_call PASSED [ 71%]
tests/unit/test_llm_transparency.py::TestLLMCallTracker::test_get_summary PASSED [ 72%]
tests/unit/test_persona_evaluation_agent.py::TestPersonaEvaluationAgent::test_init PASSED [ 73%]
tests/unit/test_persona_evaluation_agent.py::TestPersonaEvaluationAgent::test_evaluate_persona_success PASSED [ 73%]
tests/unit/test_persona_evaluation_agent.py::TestPersonaEvaluationAgent::test_evaluate_persona_with_retry PASSED [ 74%]
tests/unit/test_persona_evaluation_agent.py::TestPersonaEvaluationAgent::test_evaluate_persona_json_parse_error PASSED [ 74%]
tests/unit/test_persona_evaluation_agent.py::TestPersonaEvaluationAgent::test_evaluate_persona_timeout PASSED [ 75%]
tests/unit/test_persona_evaluation_agent.py::TestPersonaEvaluationAgent::test_generate_evaluation_prompt PASSED [ 76%]
tests/unit/test_persona_evaluation_agent.py::TestPersonaEvaluationAgent::test_parse_evaluation_response_success PASSED [ 76%]
tests/unit/test_persona_evaluation_agent.py::TestPersonaEvaluationAgent::test_parse_evaluation_response_partial PASSED [ 77%]
tests/unit/test_persona_evaluation_agent.py::TestPersonaEvaluationAgent::test_batch_evaluation PASSED [ 77%]
tests/unit/test_persona_evaluation_agent.py::TestPersonaEvaluationAgent::test_error_logging PASSED [ 78%]
tests/unit/test_persona_generator.py::TestPersonaGenerator::test_generate_personas_structure FAILED [ 79%]
tests/unit/test_persona_generator.py::TestPersonaGenerator::test_generate_personas_with_multiple_slots FAILED [ 79%]
tests/unit/test_persona_generator.py::TestPersonaGenerator::test_generate_single_persona_optimized PASSED [ 80%]
tests/unit/test_persona_generator.py::TestPersonaGenerator::test_convert_to_persona_attributes FAILED [ 80%]
tests/unit/test_persona_generator.py::TestPersonaGenerator::test_error_handling FAILED [ 81%]
tests/unit/test_persona_generator.py::TestPersonaGenerator::test_persona_count_compliance FAILED [ 82%]
tests/unit/test_population_architect.py::TestPopulationArchitect::test_design_population_hierarchy_structure PASSED [ 82%]
tests/unit/test_population_architect.py::TestPopulationArchitect::test_design_major_segments PASSED [ 83%]
tests/unit/test_population_architect.py::TestPopulationArchitect::test_design_sub_segments_for_one PASSED [ 83%]
tests/unit/test_population_architect.py::TestPopulationArchitect::test_allocate_persona_slots PASSED [ 84%]
tests/unit/test_population_architect.py::TestPopulationArchitect::test_design_network_topology PASSED [ 85%]
tests/unit/test_population_architect.py::TestPopulationArchitect::test_design_influence_patterns PASSED [ 85%]
tests/unit/test_population_architect.py::TestPopulationArchitect::test_design_micro_clusters PASSED [ 86%]
tests/unit/test_population_architect.py::TestPopulationArchitect::test_assign_network_position PASSED [ 86%]
tests/unit/test_reporter.py::TestReporterAgent::test_generate_report_basic ERROR [ 87%]
tests/unit/test_reporter.py::TestReporterAgent::test_executive_summary_generation ERROR [ 88%]
tests/unit/test_reporter.py::TestReporterAgent::test_detailed_analysis_generation ERROR [ 88%]
tests/unit/test_reporter.py::TestReporterAgent::test_recommendations_generation ERROR [ 89%]
tests/unit/test_reporter.py::TestReporterAgent::test_visualization_data_preparation ERROR [ 89%]
tests/unit/test_reporter.py::TestReporterAgent::test_format_report_json ERROR [ 90%]
tests/unit/test_reporter.py::TestReporterAgent::test_format_report_markdown ERROR [ 91%]
tests/unit/test_reporter.py::TestReporterAgent::test_format_report_html ERROR [ 91%]
tests/unit/test_reporter.py::TestReporterAgent::test_empty_state_handling PASSED [ 92%]
tests/unit/test_reporter.py::TestReporterAgent::test_error_handling_in_generation ERROR [ 92%]
tests/unit/test_reporter.py::TestReporterAgent::test_calculate_metrics ERROR [ 93%]
tests/unit/test_reporter.py::TestReporterAgent::test_template_rendering ERROR [ 94%]
tests/unit/test_reporter.py::TestReporterAgent::test_boundary_empty_aggregated_results PASSED [ 94%]
tests/unit/test_reporter.py::TestReporterAgent::test_boundary_maximum_size_report PASSED [ 95%]
tests/unit/test_reporter.py::TestReporterAgent::test_boundary_special_characters_handling PASSED [ 95%]
tests/unit/test_reporter.py::TestReporterAgent::test_boundary_invalid_format_request PASSED [ 96%]
tests/unit/test_reporter.py::TestReporterAgent::test_boundary_multilingual_content PASSED [ 97%]
tests/unit/test_reporter.py::TestReporterAgent::test_boundary_zero_evaluations PASSED [ 97%]
tests/unit/test_reporter.py::TestReporterAgent::test_boundary_extreme_scores PASSED [ 98%]
tests/unit/test_reporter.py::TestReporterAgent::test_boundary_missing_required_fields PASSED [ 98%]
tests/unit/test_reporter.py::TestReporterAgent::test_llm_failure_during_report_generation PASSED [ 99%]
tests/unit/test_reporter.py::TestReporterAgent::test_format_conversion_edge_cases PASSED [100%]

==================================== ERRORS ====================================
______ ERROR at setup of TestAggregatorAgent.test_aggregate_basic_metrics ______

self = <test_aggregator.TestAggregatorAgent object at 0x705930d22470>

    @pytest.fixture
    def sample_evaluations(self) -> dict[str, EvaluationResult]:
        """Create sample evaluation results for testing."""
        return {
            "persona_1": EvaluationResult(
                persona_id="persona_1",
                persona_type="tech_enthusiast",
                article_id="test_article_001",
                overall_score=85,
                metrics=[
>                   EvaluationMetric(name="relevance", score=90),
                    EvaluationMetric(name="clarity", score=80),
                    EvaluationMetric(name="engagement", score=85),
                ],
                sentiment="positive",
                suggestions=["Add more examples", "Improve introduction"],
                strengths=["Well-structured", "Good flow"],
                weaknesses=["Lacks examples"],
                sharing_probability=0.8,
                engagement_level="high",
                reasoning="Well-structured article with good technical content",
            ),
            "persona_2": EvaluationResult(
                persona_id="persona_2",
                persona_type="general_reader",
                article_id="test_article_001",
                overall_score=70,
                metrics=[
                    EvaluationMetric(name="relevance", score=75),
                    EvaluationMetric(name="clarity", score=65),
                    EvaluationMetric(name="engagement", score=70),
                ],
                sentiment="neutral",
                suggestions=["Add more examples", "Simplify technical terms"],
                strengths=["Good structure"],
                weaknesses=["Too technical"],
                sharing_probability=0.5,
                engagement_level="medium",
                reasoning="Good but needs simplification",
            ),
            "persona_3": EvaluationResult(
                persona_id="persona_3",
                persona_type="novice",
                article_id="test_article_001",
                overall_score=60,
                metrics=[
                    EvaluationMetric(name="relevance", score=55),
                    EvaluationMetric(name="clarity", score=65),
                    EvaluationMetric(name="engagement", score=60),
                ],
                sentiment="negative",
                suggestions=["Improve introduction", "Add visual aids"],
                strengths=["Has structure"],
                weaknesses=["Hard to follow", "Too complex"],
                sharing_probability=0.3,
                engagement_level="low",
                reasoning="Difficult to follow",
            ),
        }
E       pydantic_core._pydantic_core.ValidationError: 1 validation error for EvaluationMetric
E       weight
E         Field required [type=missing, input_value={'name': 'relevance', 'score': 90}, input_type=dict]
E           For further information visit https://errors.pydantic.dev/2.11/v/missing

tests/unit/test_aggregator.py:25: ValidationError
_____ ERROR at setup of TestAggregatorAgent.test_suggestion_prioritization _____

self = <test_aggregator.TestAggregatorAgent object at 0x705930d226b0>

    @pytest.fixture
    def sample_evaluations(self) -> dict[str, EvaluationResult]:
        """Create sample evaluation results for testing."""
        return {
            "persona_1": EvaluationResult(
                persona_id="persona_1",
                persona_type="tech_enthusiast",
                article_id="test_article_001",
                overall_score=85,
                metrics=[
>                   EvaluationMetric(name="relevance", score=90),
                    EvaluationMetric(name="clarity", score=80),
                    EvaluationMetric(name="engagement", score=85),
                ],
                sentiment="positive",
                suggestions=["Add more examples", "Improve introduction"],
                strengths=["Well-structured", "Good flow"],
                weaknesses=["Lacks examples"],
                sharing_probability=0.8,
                engagement_level="high",
                reasoning="Well-structured article with good technical content",
            ),
            "persona_2": EvaluationResult(
                persona_id="persona_2",
                persona_type="general_reader",
                article_id="test_article_001",
                overall_score=70,
                metrics=[
                    EvaluationMetric(name="relevance", score=75),
                    EvaluationMetric(name="clarity", score=65),
                    EvaluationMetric(name="engagement", score=70),
                ],
                sentiment="neutral",
                suggestions=["Add more examples", "Simplify technical terms"],
                strengths=["Good structure"],
                weaknesses=["Too technical"],
                sharing_probability=0.5,
                engagement_level="medium",
                reasoning="Good but needs simplification",
            ),
            "persona_3": EvaluationResult(
                persona_id="persona_3",
                persona_type="novice",
                article_id="test_article_001",
                overall_score=60,
                metrics=[
                    EvaluationMetric(name="relevance", score=55),
                    EvaluationMetric(name="clarity", score=65),
                    EvaluationMetric(name="engagement", score=60),
                ],
                sentiment="negative",
                suggestions=["Improve introduction", "Add visual aids"],
                strengths=["Has structure"],
                weaknesses=["Hard to follow", "Too complex"],
                sharing_probability=0.3,
                engagement_level="low",
                reasoning="Difficult to follow",
            ),
        }
E       pydantic_core._pydantic_core.ValidationError: 1 validation error for EvaluationMetric
E       weight
E         Field required [type=missing, input_value={'name': 'relevance', 'score': 90}, input_type=dict]
E           For further information visit https://errors.pydantic.dev/2.11/v/missing

tests/unit/test_aggregator.py:25: ValidationError
______ ERROR at setup of TestAggregatorAgent.test_sentiment_distribution _______

self = <test_aggregator.TestAggregatorAgent object at 0x705930d228f0>

    @pytest.fixture
    def sample_evaluations(self) -> dict[str, EvaluationResult]:
        """Create sample evaluation results for testing."""
        return {
            "persona_1": EvaluationResult(
                persona_id="persona_1",
                persona_type="tech_enthusiast",
                article_id="test_article_001",
                overall_score=85,
                metrics=[
>                   EvaluationMetric(name="relevance", score=90),
                    EvaluationMetric(name="clarity", score=80),
                    EvaluationMetric(name="engagement", score=85),
                ],
                sentiment="positive",
                suggestions=["Add more examples", "Improve introduction"],
                strengths=["Well-structured", "Good flow"],
                weaknesses=["Lacks examples"],
                sharing_probability=0.8,
                engagement_level="high",
                reasoning="Well-structured article with good technical content",
            ),
            "persona_2": EvaluationResult(
                persona_id="persona_2",
                persona_type="general_reader",
                article_id="test_article_001",
                overall_score=70,
                metrics=[
                    EvaluationMetric(name="relevance", score=75),
                    EvaluationMetric(name="clarity", score=65),
                    EvaluationMetric(name="engagement", score=70),
                ],
                sentiment="neutral",
                suggestions=["Add more examples", "Simplify technical terms"],
                strengths=["Good structure"],
                weaknesses=["Too technical"],
                sharing_probability=0.5,
                engagement_level="medium",
                reasoning="Good but needs simplification",
            ),
            "persona_3": EvaluationResult(
                persona_id="persona_3",
                persona_type="novice",
                article_id="test_article_001",
                overall_score=60,
                metrics=[
                    EvaluationMetric(name="relevance", score=55),
                    EvaluationMetric(name="clarity", score=65),
                    EvaluationMetric(name="engagement", score=60),
                ],
                sentiment="negative",
                suggestions=["Improve introduction", "Add visual aids"],
                strengths=["Has structure"],
                weaknesses=["Hard to follow", "Too complex"],
                sharing_probability=0.3,
                engagement_level="low",
                reasoning="Difficult to follow",
            ),
        }
E       pydantic_core._pydantic_core.ValidationError: 1 validation error for EvaluationMetric
E       weight
E         Field required [type=missing, input_value={'name': 'relevance', 'score': 90}, input_type=dict]
E           For further information visit https://errors.pydantic.dev/2.11/v/missing

tests/unit/test_aggregator.py:25: ValidationError
_________ ERROR at setup of TestAggregatorAgent.test_segment_analysis __________

self = <test_aggregator.TestAggregatorAgent object at 0x705930d22b30>

    @pytest.fixture
    def sample_evaluations(self) -> dict[str, EvaluationResult]:
        """Create sample evaluation results for testing."""
        return {
            "persona_1": EvaluationResult(
                persona_id="persona_1",
                persona_type="tech_enthusiast",
                article_id="test_article_001",
                overall_score=85,
                metrics=[
>                   EvaluationMetric(name="relevance", score=90),
                    EvaluationMetric(name="clarity", score=80),
                    EvaluationMetric(name="engagement", score=85),
                ],
                sentiment="positive",
                suggestions=["Add more examples", "Improve introduction"],
                strengths=["Well-structured", "Good flow"],
                weaknesses=["Lacks examples"],
                sharing_probability=0.8,
                engagement_level="high",
                reasoning="Well-structured article with good technical content",
            ),
            "persona_2": EvaluationResult(
                persona_id="persona_2",
                persona_type="general_reader",
                article_id="test_article_001",
                overall_score=70,
                metrics=[
                    EvaluationMetric(name="relevance", score=75),
                    EvaluationMetric(name="clarity", score=65),
                    EvaluationMetric(name="engagement", score=70),
                ],
                sentiment="neutral",
                suggestions=["Add more examples", "Simplify technical terms"],
                strengths=["Good structure"],
                weaknesses=["Too technical"],
                sharing_probability=0.5,
                engagement_level="medium",
                reasoning="Good but needs simplification",
            ),
            "persona_3": EvaluationResult(
                persona_id="persona_3",
                persona_type="novice",
                article_id="test_article_001",
                overall_score=60,
                metrics=[
                    EvaluationMetric(name="relevance", score=55),
                    EvaluationMetric(name="clarity", score=65),
                    EvaluationMetric(name="engagement", score=60),
                ],
                sentiment="negative",
                suggestions=["Improve introduction", "Add visual aids"],
                strengths=["Has structure"],
                weaknesses=["Hard to follow", "Too complex"],
                sharing_probability=0.3,
                engagement_level="low",
                reasoning="Difficult to follow",
            ),
        }
E       pydantic_core._pydantic_core.ValidationError: 1 validation error for EvaluationMetric
E       weight
E         Field required [type=missing, input_value={'name': 'relevance', 'score': 90}, input_type=dict]
E           For further information visit https://errors.pydantic.dev/2.11/v/missing

tests/unit/test_aggregator.py:25: ValidationError
__ ERROR at setup of TestAggregatorAgent.test_metric_aggregation_completeness __

self = <test_aggregator.TestAggregatorAgent object at 0x705930d231f0>

    @pytest.fixture
    def sample_evaluations(self) -> dict[str, EvaluationResult]:
        """Create sample evaluation results for testing."""
        return {
            "persona_1": EvaluationResult(
                persona_id="persona_1",
                persona_type="tech_enthusiast",
                article_id="test_article_001",
                overall_score=85,
                metrics=[
>                   EvaluationMetric(name="relevance", score=90),
                    EvaluationMetric(name="clarity", score=80),
                    EvaluationMetric(name="engagement", score=85),
                ],
                sentiment="positive",
                suggestions=["Add more examples", "Improve introduction"],
                strengths=["Well-structured", "Good flow"],
                weaknesses=["Lacks examples"],
                sharing_probability=0.8,
                engagement_level="high",
                reasoning="Well-structured article with good technical content",
            ),
            "persona_2": EvaluationResult(
                persona_id="persona_2",
                persona_type="general_reader",
                article_id="test_article_001",
                overall_score=70,
                metrics=[
                    EvaluationMetric(name="relevance", score=75),
                    EvaluationMetric(name="clarity", score=65),
                    EvaluationMetric(name="engagement", score=70),
                ],
                sentiment="neutral",
                suggestions=["Add more examples", "Simplify technical terms"],
                strengths=["Good structure"],
                weaknesses=["Too technical"],
                sharing_probability=0.5,
                engagement_level="medium",
                reasoning="Good but needs simplification",
            ),
            "persona_3": EvaluationResult(
                persona_id="persona_3",
                persona_type="novice",
                article_id="test_article_001",
                overall_score=60,
                metrics=[
                    EvaluationMetric(name="relevance", score=55),
                    EvaluationMetric(name="clarity", score=65),
                    EvaluationMetric(name="engagement", score=60),
                ],
                sentiment="negative",
                suggestions=["Improve introduction", "Add visual aids"],
                strengths=["Has structure"],
                weaknesses=["Hard to follow", "Too complex"],
                sharing_probability=0.3,
                engagement_level="low",
                reasoning="Difficult to follow",
            ),
        }
E       pydantic_core._pydantic_core.ValidationError: 1 validation error for EvaluationMetric
E       weight
E         Field required [type=missing, input_value={'name': 'relevance', 'score': 90}, input_type=dict]
E           For further information visit https://errors.pydantic.dev/2.11/v/missing

tests/unit/test_aggregator.py:25: ValidationError
______ ERROR at setup of TestAggregatorAgent.test_llm_insights_generation ______

self = <test_aggregator.TestAggregatorAgent object at 0x705930d233a0>

    @pytest.fixture
    def sample_evaluations(self) -> dict[str, EvaluationResult]:
        """Create sample evaluation results for testing."""
        return {
            "persona_1": EvaluationResult(
                persona_id="persona_1",
                persona_type="tech_enthusiast",
                article_id="test_article_001",
                overall_score=85,
                metrics=[
>                   EvaluationMetric(name="relevance", score=90),
                    EvaluationMetric(name="clarity", score=80),
                    EvaluationMetric(name="engagement", score=85),
                ],
                sentiment="positive",
                suggestions=["Add more examples", "Improve introduction"],
                strengths=["Well-structured", "Good flow"],
                weaknesses=["Lacks examples"],
                sharing_probability=0.8,
                engagement_level="high",
                reasoning="Well-structured article with good technical content",
            ),
            "persona_2": EvaluationResult(
                persona_id="persona_2",
                persona_type="general_reader",
                article_id="test_article_001",
                overall_score=70,
                metrics=[
                    EvaluationMetric(name="relevance", score=75),
                    EvaluationMetric(name="clarity", score=65),
                    EvaluationMetric(name="engagement", score=70),
                ],
                sentiment="neutral",
                suggestions=["Add more examples", "Simplify technical terms"],
                strengths=["Good structure"],
                weaknesses=["Too technical"],
                sharing_probability=0.5,
                engagement_level="medium",
                reasoning="Good but needs simplification",
            ),
            "persona_3": EvaluationResult(
                persona_id="persona_3",
                persona_type="novice",
                article_id="test_article_001",
                overall_score=60,
                metrics=[
                    EvaluationMetric(name="relevance", score=55),
                    EvaluationMetric(name="clarity", score=65),
                    EvaluationMetric(name="engagement", score=60),
                ],
                sentiment="negative",
                suggestions=["Improve introduction", "Add visual aids"],
                strengths=["Has structure"],
                weaknesses=["Hard to follow", "Too complex"],
                sharing_probability=0.3,
                engagement_level="low",
                reasoning="Difficult to follow",
            ),
        }
E       pydantic_core._pydantic_core.ValidationError: 1 validation error for EvaluationMetric
E       weight
E         Field required [type=missing, input_value={'name': 'relevance', 'score': 90}, input_type=dict]
E           For further information visit https://errors.pydantic.dev/2.11/v/missing

tests/unit/test_aggregator.py:25: ValidationError
________ ERROR at setup of TestReporterAgent.test_generate_report_basic ________

self = <test_reporter.TestReporterAgent object at 0x705930be1180>

    @pytest.fixture
    def sample_state(self) -> dict[str, Any]:
        """Create sample ArticleReviewState for testing."""
        return {
            "article_content": "This is a test article about AI and machine learning.",
            "article_metadata": {
                "title": "Understanding AI",
                "author": "Test Author",
                "category": "Technology",
            },
            "current_phase": "reporting",
            "phase_status": {
                "initialization": "completed",
                "analysis": "completed",
                "persona_generation": "completed",
                "evaluation": "completed",
                "aggregation": "completed",
                "reporting": "in_progress",
            },
            "active_agents": ["reporter"],
            "agent_status": {"reporter": "active"},
            "analysis_results": {
                "topics": ["AI", "Machine Learning", "Technology"],
                "tone": "informative",
                "target_audience": "tech professionals",
                "complexity": "intermediate",
            },
            "persona_count": 3,
            "generated_personas": [
>               PersonaAttributes(
                    age=30,
                    occupation="Software Engineer",
                    interests=["AI", "Technology"],
                    values=["Innovation", "Learning"],
                ),
                PersonaAttributes(
                    age=25,
                    occupation="Data Scientist",
                    interests=["Machine Learning", "Statistics"],
                    values=["Accuracy", "Research"],
                ),
                PersonaAttributes(
                    age=35,
                    occupation="Product Manager",
                    interests=["Technology", "Business"],
                    values=["Efficiency", "User Experience"],
                ),
            ],
            "persona_generation_complete": True,
            "persona_evaluations": {
                "persona_1": EvaluationResult(
                    persona_id="persona_1",
                    persona_type="tech_enthusiast",
                    article_id="test_001",
                    overall_score=85,
                    metrics=[
                        EvaluationMetric(name="relevance", score=90),
                        EvaluationMetric(name="clarity", score=80),
                    ],
                    sentiment="positive",
                    suggestions=["Add more examples"],
                    strengths=["Clear structure"],
                    weaknesses=["Lacks examples"],
                    sharing_probability=0.8,
                    engagement_level="high",
                )
            },
            "evaluation_complete": True,
            "aggregated_scores": {
                "overall": 82.5,
                "relevance": 87.0,
                "clarity": 78.0,
                "engagement": 80.0,
            },
            "improvement_suggestions": [
                {
                    "suggestion": "Add more examples",
                    "priority": "high",
                    "affected_personas": 2,
                    "impact": 15.0,
                    "category": "content",
                },
                {
                    "suggestion": "Simplify technical terms",
                    "priority": "medium",
                    "affected_personas": 1,
                    "impact": 10.0,
                    "category": "clarity",
                },
            ],
            "final_report": {},
            "messages": [],
            "errors": [],
            "retry_count": {},
            "simulation_id": "test_sim_001",
            "start_time": datetime.now(),
            "end_time": None,
        }
E       pydantic_core._pydantic_core.ValidationError: 5 validation errors for PersonaAttributes
E       location
E         Field required [type=missing, input_value={'age': 30, 'occupation':...nnovation', 'Learning']}, input_type=dict]
E           For further information visit https://errors.pydantic.dev/2.11/v/missing
E       education_level
E         Field required [type=missing, input_value={'age': 30, 'occupation':...nnovation', 'Learning']}, input_type=dict]
E           For further information visit https://errors.pydantic.dev/2.11/v/missing
E       personality_traits
E         Field required [type=missing, input_value={'age': 30, 'occupation':...nnovation', 'Learning']}, input_type=dict]
E           For further information visit https://errors.pydantic.dev/2.11/v/missing
E       information_seeking_behavior
E         Field required [type=missing, input_value={'age': 30, 'occupation':...nnovation', 'Learning']}, input_type=dict]
E           For further information visit https://errors.pydantic.dev/2.11/v/missing
E       preferred_channels
E         Field required [type=missing, input_value={'age': 30, 'occupation':...nnovation', 'Learning']}, input_type=dict]
E           For further information visit https://errors.pydantic.dev/2.11/v/missing

tests/unit/test_reporter.py:45: ValidationError
____ ERROR at setup of TestReporterAgent.test_executive_summary_generation _____

self = <test_reporter.TestReporterAgent object at 0x705930be13c0>

    @pytest.fixture
    def sample_state(self) -> dict[str, Any]:
        """Create sample ArticleReviewState for testing."""
        return {
            "article_content": "This is a test article about AI and machine learning.",
            "article_metadata": {
                "title": "Understanding AI",
                "author": "Test Author",
                "category": "Technology",
            },
            "current_phase": "reporting",
            "phase_status": {
                "initialization": "completed",
                "analysis": "completed",
                "persona_generation": "completed",
                "evaluation": "completed",
                "aggregation": "completed",
                "reporting": "in_progress",
            },
            "active_agents": ["reporter"],
            "agent_status": {"reporter": "active"},
            "analysis_results": {
                "topics": ["AI", "Machine Learning", "Technology"],
                "tone": "informative",
                "target_audience": "tech professionals",
                "complexity": "intermediate",
            },
            "persona_count": 3,
            "generated_personas": [
>               PersonaAttributes(
                    age=30,
                    occupation="Software Engineer",
                    interests=["AI", "Technology"],
                    values=["Innovation", "Learning"],
                ),
                PersonaAttributes(
                    age=25,
                    occupation="Data Scientist",
                    interests=["Machine Learning", "Statistics"],
                    values=["Accuracy", "Research"],
                ),
                PersonaAttributes(
                    age=35,
                    occupation="Product Manager",
                    interests=["Technology", "Business"],
                    values=["Efficiency", "User Experience"],
                ),
            ],
            "persona_generation_complete": True,
            "persona_evaluations": {
                "persona_1": EvaluationResult(
                    persona_id="persona_1",
                    persona_type="tech_enthusiast",
                    article_id="test_001",
                    overall_score=85,
                    metrics=[
                        EvaluationMetric(name="relevance", score=90),
                        EvaluationMetric(name="clarity", score=80),
                    ],
                    sentiment="positive",
                    suggestions=["Add more examples"],
                    strengths=["Clear structure"],
                    weaknesses=["Lacks examples"],
                    sharing_probability=0.8,
                    engagement_level="high",
                )
            },
            "evaluation_complete": True,
            "aggregated_scores": {
                "overall": 82.5,
                "relevance": 87.0,
                "clarity": 78.0,
                "engagement": 80.0,
            },
            "improvement_suggestions": [
                {
                    "suggestion": "Add more examples",
                    "priority": "high",
                    "affected_personas": 2,
                    "impact": 15.0,
                    "category": "content",
                },
                {
                    "suggestion": "Simplify technical terms",
                    "priority": "medium",
                    "affected_personas": 1,
                    "impact": 10.0,
                    "category": "clarity",
                },
            ],
            "final_report": {},
            "messages": [],
            "errors": [],
            "retry_count": {},
            "simulation_id": "test_sim_001",
            "start_time": datetime.now(),
            "end_time": None,
        }
E       pydantic_core._pydantic_core.ValidationError: 5 validation errors for PersonaAttributes
E       location
E         Field required [type=missing, input_value={'age': 30, 'occupation':...nnovation', 'Learning']}, input_type=dict]
E           For further information visit https://errors.pydantic.dev/2.11/v/missing
E       education_level
E         Field required [type=missing, input_value={'age': 30, 'occupation':...nnovation', 'Learning']}, input_type=dict]
E           For further information visit https://errors.pydantic.dev/2.11/v/missing
E       personality_traits
E         Field required [type=missing, input_value={'age': 30, 'occupation':...nnovation', 'Learning']}, input_type=dict]
E           For further information visit https://errors.pydantic.dev/2.11/v/missing
E       information_seeking_behavior
E         Field required [type=missing, input_value={'age': 30, 'occupation':...nnovation', 'Learning']}, input_type=dict]
E           For further information visit https://errors.pydantic.dev/2.11/v/missing
E       preferred_channels
E         Field required [type=missing, input_value={'age': 30, 'occupation':...nnovation', 'Learning']}, input_type=dict]
E           For further information visit https://errors.pydantic.dev/2.11/v/missing

tests/unit/test_reporter.py:45: ValidationError
____ ERROR at setup of TestReporterAgent.test_detailed_analysis_generation _____

self = <test_reporter.TestReporterAgent object at 0x705930be1600>

    @pytest.fixture
    def sample_state(self) -> dict[str, Any]:
        """Create sample ArticleReviewState for testing."""
        return {
            "article_content": "This is a test article about AI and machine learning.",
            "article_metadata": {
                "title": "Understanding AI",
                "author": "Test Author",
                "category": "Technology",
            },
            "current_phase": "reporting",
            "phase_status": {
                "initialization": "completed",
                "analysis": "completed",
                "persona_generation": "completed",
                "evaluation": "completed",
                "aggregation": "completed",
                "reporting": "in_progress",
            },
            "active_agents": ["reporter"],
            "agent_status": {"reporter": "active"},
            "analysis_results": {
                "topics": ["AI", "Machine Learning", "Technology"],
                "tone": "informative",
                "target_audience": "tech professionals",
                "complexity": "intermediate",
            },
            "persona_count": 3,
            "generated_personas": [
>               PersonaAttributes(
                    age=30,
                    occupation="Software Engineer",
                    interests=["AI", "Technology"],
                    values=["Innovation", "Learning"],
                ),
                PersonaAttributes(
                    age=25,
                    occupation="Data Scientist",
                    interests=["Machine Learning", "Statistics"],
                    values=["Accuracy", "Research"],
                ),
                PersonaAttributes(
                    age=35,
                    occupation="Product Manager",
                    interests=["Technology", "Business"],
                    values=["Efficiency", "User Experience"],
                ),
            ],
            "persona_generation_complete": True,
            "persona_evaluations": {
                "persona_1": EvaluationResult(
                    persona_id="persona_1",
                    persona_type="tech_enthusiast",
                    article_id="test_001",
                    overall_score=85,
                    metrics=[
                        EvaluationMetric(name="relevance", score=90),
                        EvaluationMetric(name="clarity", score=80),
                    ],
                    sentiment="positive",
                    suggestions=["Add more examples"],
                    strengths=["Clear structure"],
                    weaknesses=["Lacks examples"],
                    sharing_probability=0.8,
                    engagement_level="high",
                )
            },
            "evaluation_complete": True,
            "aggregated_scores": {
                "overall": 82.5,
                "relevance": 87.0,
                "clarity": 78.0,
                "engagement": 80.0,
            },
            "improvement_suggestions": [
                {
                    "suggestion": "Add more examples",
                    "priority": "high",
                    "affected_personas": 2,
                    "impact": 15.0,
                    "category": "content",
                },
                {
                    "suggestion": "Simplify technical terms",
                    "priority": "medium",
                    "affected_personas": 1,
                    "impact": 10.0,
                    "category": "clarity",
                },
            ],
            "final_report": {},
            "messages": [],
            "errors": [],
            "retry_count": {},
            "simulation_id": "test_sim_001",
            "start_time": datetime.now(),
            "end_time": None,
        }
E       pydantic_core._pydantic_core.ValidationError: 5 validation errors for PersonaAttributes
E       location
E         Field required [type=missing, input_value={'age': 30, 'occupation':...nnovation', 'Learning']}, input_type=dict]
E           For further information visit https://errors.pydantic.dev/2.11/v/missing
E       education_level
E         Field required [type=missing, input_value={'age': 30, 'occupation':...nnovation', 'Learning']}, input_type=dict]
E           For further information visit https://errors.pydantic.dev/2.11/v/missing
E       personality_traits
E         Field required [type=missing, input_value={'age': 30, 'occupation':...nnovation', 'Learning']}, input_type=dict]
E           For further information visit https://errors.pydantic.dev/2.11/v/missing
E       information_seeking_behavior
E         Field required [type=missing, input_value={'age': 30, 'occupation':...nnovation', 'Learning']}, input_type=dict]
E           For further information visit https://errors.pydantic.dev/2.11/v/missing
E       preferred_channels
E         Field required [type=missing, input_value={'age': 30, 'occupation':...nnovation', 'Learning']}, input_type=dict]
E           For further information visit https://errors.pydantic.dev/2.11/v/missing

tests/unit/test_reporter.py:45: ValidationError
_____ ERROR at setup of TestReporterAgent.test_recommendations_generation ______

self = <test_reporter.TestReporterAgent object at 0x705930be1840>

    @pytest.fixture
    def sample_state(self) -> dict[str, Any]:
        """Create sample ArticleReviewState for testing."""
        return {
            "article_content": "This is a test article about AI and machine learning.",
            "article_metadata": {
                "title": "Understanding AI",
                "author": "Test Author",
                "category": "Technology",
            },
            "current_phase": "reporting",
            "phase_status": {
                "initialization": "completed",
                "analysis": "completed",
                "persona_generation": "completed",
                "evaluation": "completed",
                "aggregation": "completed",
                "reporting": "in_progress",
            },
            "active_agents": ["reporter"],
            "agent_status": {"reporter": "active"},
            "analysis_results": {
                "topics": ["AI", "Machine Learning", "Technology"],
                "tone": "informative",
                "target_audience": "tech professionals",
                "complexity": "intermediate",
            },
            "persona_count": 3,
            "generated_personas": [
>               PersonaAttributes(
                    age=30,
                    occupation="Software Engineer",
                    interests=["AI", "Technology"],
                    values=["Innovation", "Learning"],
                ),
                PersonaAttributes(
                    age=25,
                    occupation="Data Scientist",
                    interests=["Machine Learning", "Statistics"],
                    values=["Accuracy", "Research"],
                ),
                PersonaAttributes(
                    age=35,
                    occupation="Product Manager",
                    interests=["Technology", "Business"],
                    values=["Efficiency", "User Experience"],
                ),
            ],
            "persona_generation_complete": True,
            "persona_evaluations": {
                "persona_1": EvaluationResult(
                    persona_id="persona_1",
                    persona_type="tech_enthusiast",
                    article_id="test_001",
                    overall_score=85,
                    metrics=[
                        EvaluationMetric(name="relevance", score=90),
                        EvaluationMetric(name="clarity", score=80),
                    ],
                    sentiment="positive",
                    suggestions=["Add more examples"],
                    strengths=["Clear structure"],
                    weaknesses=["Lacks examples"],
                    sharing_probability=0.8,
                    engagement_level="high",
                )
            },
            "evaluation_complete": True,
            "aggregated_scores": {
                "overall": 82.5,
                "relevance": 87.0,
                "clarity": 78.0,
                "engagement": 80.0,
            },
            "improvement_suggestions": [
                {
                    "suggestion": "Add more examples",
                    "priority": "high",
                    "affected_personas": 2,
                    "impact": 15.0,
                    "category": "content",
                },
                {
                    "suggestion": "Simplify technical terms",
                    "priority": "medium",
                    "affected_personas": 1,
                    "impact": 10.0,
                    "category": "clarity",
                },
            ],
            "final_report": {},
            "messages": [],
            "errors": [],
            "retry_count": {},
            "simulation_id": "test_sim_001",
            "start_time": datetime.now(),
            "end_time": None,
        }
E       pydantic_core._pydantic_core.ValidationError: 5 validation errors for PersonaAttributes
E       location
E         Field required [type=missing, input_value={'age': 30, 'occupation':...nnovation', 'Learning']}, input_type=dict]
E           For further information visit https://errors.pydantic.dev/2.11/v/missing
E       education_level
E         Field required [type=missing, input_value={'age': 30, 'occupation':...nnovation', 'Learning']}, input_type=dict]
E           For further information visit https://errors.pydantic.dev/2.11/v/missing
E       personality_traits
E         Field required [type=missing, input_value={'age': 30, 'occupation':...nnovation', 'Learning']}, input_type=dict]
E           For further information visit https://errors.pydantic.dev/2.11/v/missing
E       information_seeking_behavior
E         Field required [type=missing, input_value={'age': 30, 'occupation':...nnovation', 'Learning']}, input_type=dict]
E           For further information visit https://errors.pydantic.dev/2.11/v/missing
E       preferred_channels
E         Field required [type=missing, input_value={'age': 30, 'occupation':...nnovation', 'Learning']}, input_type=dict]
E           For further information visit https://errors.pydantic.dev/2.11/v/missing

tests/unit/test_reporter.py:45: ValidationError
___ ERROR at setup of TestReporterAgent.test_visualization_data_preparation ____

self = <test_reporter.TestReporterAgent object at 0x705930be1a80>

    @pytest.fixture
    def sample_state(self) -> dict[str, Any]:
        """Create sample ArticleReviewState for testing."""
        return {
            "article_content": "This is a test article about AI and machine learning.",
            "article_metadata": {
                "title": "Understanding AI",
                "author": "Test Author",
                "category": "Technology",
            },
            "current_phase": "reporting",
            "phase_status": {
                "initialization": "completed",
                "analysis": "completed",
                "persona_generation": "completed",
                "evaluation": "completed",
                "aggregation": "completed",
                "reporting": "in_progress",
            },
            "active_agents": ["reporter"],
            "agent_status": {"reporter": "active"},
            "analysis_results": {
                "topics": ["AI", "Machine Learning", "Technology"],
                "tone": "informative",
                "target_audience": "tech professionals",
                "complexity": "intermediate",
            },
            "persona_count": 3,
            "generated_personas": [
>               PersonaAttributes(
                    age=30,
                    occupation="Software Engineer",
                    interests=["AI", "Technology"],
                    values=["Innovation", "Learning"],
                ),
                PersonaAttributes(
                    age=25,
                    occupation="Data Scientist",
                    interests=["Machine Learning", "Statistics"],
                    values=["Accuracy", "Research"],
                ),
                PersonaAttributes(
                    age=35,
                    occupation="Product Manager",
                    interests=["Technology", "Business"],
                    values=["Efficiency", "User Experience"],
                ),
            ],
            "persona_generation_complete": True,
            "persona_evaluations": {
                "persona_1": EvaluationResult(
                    persona_id="persona_1",
                    persona_type="tech_enthusiast",
                    article_id="test_001",
                    overall_score=85,
                    metrics=[
                        EvaluationMetric(name="relevance", score=90),
                        EvaluationMetric(name="clarity", score=80),
                    ],
                    sentiment="positive",
                    suggestions=["Add more examples"],
                    strengths=["Clear structure"],
                    weaknesses=["Lacks examples"],
                    sharing_probability=0.8,
                    engagement_level="high",
                )
            },
            "evaluation_complete": True,
            "aggregated_scores": {
                "overall": 82.5,
                "relevance": 87.0,
                "clarity": 78.0,
                "engagement": 80.0,
            },
            "improvement_suggestions": [
                {
                    "suggestion": "Add more examples",
                    "priority": "high",
                    "affected_personas": 2,
                    "impact": 15.0,
                    "category": "content",
                },
                {
                    "suggestion": "Simplify technical terms",
                    "priority": "medium",
                    "affected_personas": 1,
                    "impact": 10.0,
                    "category": "clarity",
                },
            ],
            "final_report": {},
            "messages": [],
            "errors": [],
            "retry_count": {},
            "simulation_id": "test_sim_001",
            "start_time": datetime.now(),
            "end_time": None,
        }
E       pydantic_core._pydantic_core.ValidationError: 5 validation errors for PersonaAttributes
E       location
E         Field required [type=missing, input_value={'age': 30, 'occupation':...nnovation', 'Learning']}, input_type=dict]
E           For further information visit https://errors.pydantic.dev/2.11/v/missing
E       education_level
E         Field required [type=missing, input_value={'age': 30, 'occupation':...nnovation', 'Learning']}, input_type=dict]
E           For further information visit https://errors.pydantic.dev/2.11/v/missing
E       personality_traits
E         Field required [type=missing, input_value={'age': 30, 'occupation':...nnovation', 'Learning']}, input_type=dict]
E           For further information visit https://errors.pydantic.dev/2.11/v/missing
E       information_seeking_behavior
E         Field required [type=missing, input_value={'age': 30, 'occupation':...nnovation', 'Learning']}, input_type=dict]
E           For further information visit https://errors.pydantic.dev/2.11/v/missing
E       preferred_channels
E         Field required [type=missing, input_value={'age': 30, 'occupation':...nnovation', 'Learning']}, input_type=dict]
E           For further information visit https://errors.pydantic.dev/2.11/v/missing

tests/unit/test_reporter.py:45: ValidationError
_________ ERROR at setup of TestReporterAgent.test_format_report_json __________

self = <test_reporter.TestReporterAgent object at 0x705930be1cc0>

    @pytest.fixture
    def sample_state(self) -> dict[str, Any]:
        """Create sample ArticleReviewState for testing."""
        return {
            "article_content": "This is a test article about AI and machine learning.",
            "article_metadata": {
                "title": "Understanding AI",
                "author": "Test Author",
                "category": "Technology",
            },
            "current_phase": "reporting",
            "phase_status": {
                "initialization": "completed",
                "analysis": "completed",
                "persona_generation": "completed",
                "evaluation": "completed",
                "aggregation": "completed",
                "reporting": "in_progress",
            },
            "active_agents": ["reporter"],
            "agent_status": {"reporter": "active"},
            "analysis_results": {
                "topics": ["AI", "Machine Learning", "Technology"],
                "tone": "informative",
                "target_audience": "tech professionals",
                "complexity": "intermediate",
            },
            "persona_count": 3,
            "generated_personas": [
>               PersonaAttributes(
                    age=30,
                    occupation="Software Engineer",
                    interests=["AI", "Technology"],
                    values=["Innovation", "Learning"],
                ),
                PersonaAttributes(
                    age=25,
                    occupation="Data Scientist",
                    interests=["Machine Learning", "Statistics"],
                    values=["Accuracy", "Research"],
                ),
                PersonaAttributes(
                    age=35,
                    occupation="Product Manager",
                    interests=["Technology", "Business"],
                    values=["Efficiency", "User Experience"],
                ),
            ],
            "persona_generation_complete": True,
            "persona_evaluations": {
                "persona_1": EvaluationResult(
                    persona_id="persona_1",
                    persona_type="tech_enthusiast",
                    article_id="test_001",
                    overall_score=85,
                    metrics=[
                        EvaluationMetric(name="relevance", score=90),
                        EvaluationMetric(name="clarity", score=80),
                    ],
                    sentiment="positive",
                    suggestions=["Add more examples"],
                    strengths=["Clear structure"],
                    weaknesses=["Lacks examples"],
                    sharing_probability=0.8,
                    engagement_level="high",
                )
            },
            "evaluation_complete": True,
            "aggregated_scores": {
                "overall": 82.5,
                "relevance": 87.0,
                "clarity": 78.0,
                "engagement": 80.0,
            },
            "improvement_suggestions": [
                {
                    "suggestion": "Add more examples",
                    "priority": "high",
                    "affected_personas": 2,
                    "impact": 15.0,
                    "category": "content",
                },
                {
                    "suggestion": "Simplify technical terms",
                    "priority": "medium",
                    "affected_personas": 1,
                    "impact": 10.0,
                    "category": "clarity",
                },
            ],
            "final_report": {},
            "messages": [],
            "errors": [],
            "retry_count": {},
            "simulation_id": "test_sim_001",
            "start_time": datetime.now(),
            "end_time": None,
        }
E       pydantic_core._pydantic_core.ValidationError: 5 validation errors for PersonaAttributes
E       location
E         Field required [type=missing, input_value={'age': 30, 'occupation':...nnovation', 'Learning']}, input_type=dict]
E           For further information visit https://errors.pydantic.dev/2.11/v/missing
E       education_level
E         Field required [type=missing, input_value={'age': 30, 'occupation':...nnovation', 'Learning']}, input_type=dict]
E           For further information visit https://errors.pydantic.dev/2.11/v/missing
E       personality_traits
E         Field required [type=missing, input_value={'age': 30, 'occupation':...nnovation', 'Learning']}, input_type=dict]
E           For further information visit https://errors.pydantic.dev/2.11/v/missing
E       information_seeking_behavior
E         Field required [type=missing, input_value={'age': 30, 'occupation':...nnovation', 'Learning']}, input_type=dict]
E           For further information visit https://errors.pydantic.dev/2.11/v/missing
E       preferred_channels
E         Field required [type=missing, input_value={'age': 30, 'occupation':...nnovation', 'Learning']}, input_type=dict]
E           For further information visit https://errors.pydantic.dev/2.11/v/missing

tests/unit/test_reporter.py:45: ValidationError
_______ ERROR at setup of TestReporterAgent.test_format_report_markdown ________

self = <test_reporter.TestReporterAgent object at 0x705930be1f00>

    @pytest.fixture
    def sample_state(self) -> dict[str, Any]:
        """Create sample ArticleReviewState for testing."""
        return {
            "article_content": "This is a test article about AI and machine learning.",
            "article_metadata": {
                "title": "Understanding AI",
                "author": "Test Author",
                "category": "Technology",
            },
            "current_phase": "reporting",
            "phase_status": {
                "initialization": "completed",
                "analysis": "completed",
                "persona_generation": "completed",
                "evaluation": "completed",
                "aggregation": "completed",
                "reporting": "in_progress",
            },
            "active_agents": ["reporter"],
            "agent_status": {"reporter": "active"},
            "analysis_results": {
                "topics": ["AI", "Machine Learning", "Technology"],
                "tone": "informative",
                "target_audience": "tech professionals",
                "complexity": "intermediate",
            },
            "persona_count": 3,
            "generated_personas": [
>               PersonaAttributes(
                    age=30,
                    occupation="Software Engineer",
                    interests=["AI", "Technology"],
                    values=["Innovation", "Learning"],
                ),
                PersonaAttributes(
                    age=25,
                    occupation="Data Scientist",
                    interests=["Machine Learning", "Statistics"],
                    values=["Accuracy", "Research"],
                ),
                PersonaAttributes(
                    age=35,
                    occupation="Product Manager",
                    interests=["Technology", "Business"],
                    values=["Efficiency", "User Experience"],
                ),
            ],
            "persona_generation_complete": True,
            "persona_evaluations": {
                "persona_1": EvaluationResult(
                    persona_id="persona_1",
                    persona_type="tech_enthusiast",
                    article_id="test_001",
                    overall_score=85,
                    metrics=[
                        EvaluationMetric(name="relevance", score=90),
                        EvaluationMetric(name="clarity", score=80),
                    ],
                    sentiment="positive",
                    suggestions=["Add more examples"],
                    strengths=["Clear structure"],
                    weaknesses=["Lacks examples"],
                    sharing_probability=0.8,
                    engagement_level="high",
                )
            },
            "evaluation_complete": True,
            "aggregated_scores": {
                "overall": 82.5,
                "relevance": 87.0,
                "clarity": 78.0,
                "engagement": 80.0,
            },
            "improvement_suggestions": [
                {
                    "suggestion": "Add more examples",
                    "priority": "high",
                    "affected_personas": 2,
                    "impact": 15.0,
                    "category": "content",
                },
                {
                    "suggestion": "Simplify technical terms",
                    "priority": "medium",
                    "affected_personas": 1,
                    "impact": 10.0,
                    "category": "clarity",
                },
            ],
            "final_report": {},
            "messages": [],
            "errors": [],
            "retry_count": {},
            "simulation_id": "test_sim_001",
            "start_time": datetime.now(),
            "end_time": None,
        }
E       pydantic_core._pydantic_core.ValidationError: 5 validation errors for PersonaAttributes
E       location
E         Field required [type=missing, input_value={'age': 30, 'occupation':...nnovation', 'Learning']}, input_type=dict]
E           For further information visit https://errors.pydantic.dev/2.11/v/missing
E       education_level
E         Field required [type=missing, input_value={'age': 30, 'occupation':...nnovation', 'Learning']}, input_type=dict]
E           For further information visit https://errors.pydantic.dev/2.11/v/missing
E       personality_traits
E         Field required [type=missing, input_value={'age': 30, 'occupation':...nnovation', 'Learning']}, input_type=dict]
E           For further information visit https://errors.pydantic.dev/2.11/v/missing
E       information_seeking_behavior
E         Field required [type=missing, input_value={'age': 30, 'occupation':...nnovation', 'Learning']}, input_type=dict]
E           For further information visit https://errors.pydantic.dev/2.11/v/missing
E       preferred_channels
E         Field required [type=missing, input_value={'age': 30, 'occupation':...nnovation', 'Learning']}, input_type=dict]
E           For further information visit https://errors.pydantic.dev/2.11/v/missing

tests/unit/test_reporter.py:45: ValidationError
_________ ERROR at setup of TestReporterAgent.test_format_report_html __________

self = <test_reporter.TestReporterAgent object at 0x705930be2140>

    @pytest.fixture
    def sample_state(self) -> dict[str, Any]:
        """Create sample ArticleReviewState for testing."""
        return {
            "article_content": "This is a test article about AI and machine learning.",
            "article_metadata": {
                "title": "Understanding AI",
                "author": "Test Author",
                "category": "Technology",
            },
            "current_phase": "reporting",
            "phase_status": {
                "initialization": "completed",
                "analysis": "completed",
                "persona_generation": "completed",
                "evaluation": "completed",
                "aggregation": "completed",
                "reporting": "in_progress",
            },
            "active_agents": ["reporter"],
            "agent_status": {"reporter": "active"},
            "analysis_results": {
                "topics": ["AI", "Machine Learning", "Technology"],
                "tone": "informative",
                "target_audience": "tech professionals",
                "complexity": "intermediate",
            },
            "persona_count": 3,
            "generated_personas": [
>               PersonaAttributes(
                    age=30,
                    occupation="Software Engineer",
                    interests=["AI", "Technology"],
                    values=["Innovation", "Learning"],
                ),
                PersonaAttributes(
                    age=25,
                    occupation="Data Scientist",
                    interests=["Machine Learning", "Statistics"],
                    values=["Accuracy", "Research"],
                ),
                PersonaAttributes(
                    age=35,
                    occupation="Product Manager",
                    interests=["Technology", "Business"],
                    values=["Efficiency", "User Experience"],
                ),
            ],
            "persona_generation_complete": True,
            "persona_evaluations": {
                "persona_1": EvaluationResult(
                    persona_id="persona_1",
                    persona_type="tech_enthusiast",
                    article_id="test_001",
                    overall_score=85,
                    metrics=[
                        EvaluationMetric(name="relevance", score=90),
                        EvaluationMetric(name="clarity", score=80),
                    ],
                    sentiment="positive",
                    suggestions=["Add more examples"],
                    strengths=["Clear structure"],
                    weaknesses=["Lacks examples"],
                    sharing_probability=0.8,
                    engagement_level="high",
                )
            },
            "evaluation_complete": True,
            "aggregated_scores": {
                "overall": 82.5,
                "relevance": 87.0,
                "clarity": 78.0,
                "engagement": 80.0,
            },
            "improvement_suggestions": [
                {
                    "suggestion": "Add more examples",
                    "priority": "high",
                    "affected_personas": 2,
                    "impact": 15.0,
                    "category": "content",
                },
                {
                    "suggestion": "Simplify technical terms",
                    "priority": "medium",
                    "affected_personas": 1,
                    "impact": 10.0,
                    "category": "clarity",
                },
            ],
            "final_report": {},
            "messages": [],
            "errors": [],
            "retry_count": {},
            "simulation_id": "test_sim_001",
            "start_time": datetime.now(),
            "end_time": None,
        }
E       pydantic_core._pydantic_core.ValidationError: 5 validation errors for PersonaAttributes
E       location
E         Field required [type=missing, input_value={'age': 30, 'occupation':...nnovation', 'Learning']}, input_type=dict]
E           For further information visit https://errors.pydantic.dev/2.11/v/missing
E       education_level
E         Field required [type=missing, input_value={'age': 30, 'occupation':...nnovation', 'Learning']}, input_type=dict]
E           For further information visit https://errors.pydantic.dev/2.11/v/missing
E       personality_traits
E         Field required [type=missing, input_value={'age': 30, 'occupation':...nnovation', 'Learning']}, input_type=dict]
E           For further information visit https://errors.pydantic.dev/2.11/v/missing
E       information_seeking_behavior
E         Field required [type=missing, input_value={'age': 30, 'occupation':...nnovation', 'Learning']}, input_type=dict]
E           For further information visit https://errors.pydantic.dev/2.11/v/missing
E       preferred_channels
E         Field required [type=missing, input_value={'age': 30, 'occupation':...nnovation', 'Learning']}, input_type=dict]
E           For further information visit https://errors.pydantic.dev/2.11/v/missing

tests/unit/test_reporter.py:45: ValidationError
____ ERROR at setup of TestReporterAgent.test_error_handling_in_generation _____

self = <test_reporter.TestReporterAgent object at 0x705930be25c0>

    @pytest.fixture
    def sample_state(self) -> dict[str, Any]:
        """Create sample ArticleReviewState for testing."""
        return {
            "article_content": "This is a test article about AI and machine learning.",
            "article_metadata": {
                "title": "Understanding AI",
                "author": "Test Author",
                "category": "Technology",
            },
            "current_phase": "reporting",
            "phase_status": {
                "initialization": "completed",
                "analysis": "completed",
                "persona_generation": "completed",
                "evaluation": "completed",
                "aggregation": "completed",
                "reporting": "in_progress",
            },
            "active_agents": ["reporter"],
            "agent_status": {"reporter": "active"},
            "analysis_results": {
                "topics": ["AI", "Machine Learning", "Technology"],
                "tone": "informative",
                "target_audience": "tech professionals",
                "complexity": "intermediate",
            },
            "persona_count": 3,
            "generated_personas": [
>               PersonaAttributes(
                    age=30,
                    occupation="Software Engineer",
                    interests=["AI", "Technology"],
                    values=["Innovation", "Learning"],
                ),
                PersonaAttributes(
                    age=25,
                    occupation="Data Scientist",
                    interests=["Machine Learning", "Statistics"],
                    values=["Accuracy", "Research"],
                ),
                PersonaAttributes(
                    age=35,
                    occupation="Product Manager",
                    interests=["Technology", "Business"],
[...]
    For further information visit https://errors.pydantic.dev/2.11/v/missing
preferred_channels
  Field required [type=missing, input_value={'age': 30, 'occupation':...nnovation', 'Learning']}, input_type=dict]
    For further information visit https://errors.pydantic.dev/2.11/v/missing
ERROR tests/unit/test_reporter.py::TestReporterAgent::test_format_report_json - pydantic_core._pydantic_core.ValidationError: 5 validation errors for PersonaAttributes
location
  Field required [type=missing, input_value={'age': 30, 'occupation':...nnovation', 'Learning']}, input_type=dict]
    For further information visit https://errors.pydantic.dev/2.11/v/missing
education_level
  Field required [type=missing, input_value={'age': 30, 'occupation':...nnovation', 'Learning']}, input_type=dict]
    For further information visit https://errors.pydantic.dev/2.11/v/missing
personality_traits
  Field required [type=missing, input_value={'age': 30, 'occupation':...nnovation', 'Learning']}, input_type=dict]
    For further information visit https://errors.pydantic.dev/2.11/v/missing
information_seeking_behavior
  Field required [type=missing, input_value={'age': 30, 'occupation':...nnovation', 'Learning']}, input_type=dict]
    For further information visit https://errors.pydantic.dev/2.11/v/missing
preferred_channels
  Field required [type=missing, input_value={'age': 30, 'occupation':...nnovation', 'Learning']}, input_type=dict]
    For further information visit https://errors.pydantic.dev/2.11/v/missing
ERROR tests/unit/test_reporter.py::TestReporterAgent::test_format_report_markdown - pydantic_core._pydantic_core.ValidationError: 5 validation errors for PersonaAttributes
location
  Field required [type=missing, input_value={'age': 30, 'occupation':...nnovation', 'Learning']}, input_type=dict]
    For further information visit https://errors.pydantic.dev/2.11/v/missing
education_level
  Field required [type=missing, input_value={'age': 30, 'occupation':...nnovation', 'Learning']}, input_type=dict]
    For further information visit https://errors.pydantic.dev/2.11/v/missing
personality_traits
  Field required [type=missing, input_value={'age': 30, 'occupation':...nnovation', 'Learning']}, input_type=dict]
    For further information visit https://errors.pydantic.dev/2.11/v/missing
information_seeking_behavior
  Field required [type=missing, input_value={'age': 30, 'occupation':...nnovation', 'Learning']}, input_type=dict]
    For further information visit https://errors.pydantic.dev/2.11/v/missing
preferred_channels
  Field required [type=missing, input_value={'age': 30, 'occupation':...nnovation', 'Learning']}, input_type=dict]
    For further information visit https://errors.pydantic.dev/2.11/v/missing
ERROR tests/unit/test_reporter.py::TestReporterAgent::test_format_report_html - pydantic_core._pydantic_core.ValidationError: 5 validation errors for PersonaAttributes
location
  Field required [type=missing, input_value={'age': 30, 'occupation':...nnovation', 'Learning']}, input_type=dict]
    For further information visit https://errors.pydantic.dev/2.11/v/missing
education_level
  Field required [type=missing, input_value={'age': 30, 'occupation':...nnovation', 'Learning']}, input_type=dict]
    For further information visit https://errors.pydantic.dev/2.11/v/missing
personality_traits
  Field required [type=missing, input_value={'age': 30, 'occupation':...nnovation', 'Learning']}, input_type=dict]
    For further information visit https://errors.pydantic.dev/2.11/v/missing
information_seeking_behavior
  Field required [type=missing, input_value={'age': 30, 'occupation':...nnovation', 'Learning']}, input_type=dict]
    For further information visit https://errors.pydantic.dev/2.11/v/missing
preferred_channels
  Field required [type=missing, input_value={'age': 30, 'occupation':...nnovation', 'Learning']}, input_type=dict]
    For further information visit https://errors.pydantic.dev/2.11/v/missing
ERROR tests/unit/test_reporter.py::TestReporterAgent::test_error_handling_in_generation - pydantic_core._pydantic_core.ValidationError: 5 validation errors for PersonaAttributes
location
  Field required [type=missing, input_value={'age': 30, 'occupation':...nnovation', 'Learning']}, input_type=dict]
    For further information visit https://errors.pydantic.dev/2.11/v/missing
education_level
  Field required [type=missing, input_value={'age': 30, 'occupation':...nnovation', 'Learning']}, input_type=dict]
    For further information visit https://errors.pydantic.dev/2.11/v/missing
personality_traits
  Field required [type=missing, input_value={'age': 30, 'occupation':...nnovation', 'Learning']}, input_type=dict]
    For further information visit https://errors.pydantic.dev/2.11/v/missing
information_seeking_behavior
  Field required [type=missing, input_value={'age': 30, 'occupation':...nnovation', 'Learning']}, input_type=dict]
    For further information visit https://errors.pydantic.dev/2.11/v/missing
preferred_channels
  Field required [type=missing, input_value={'age': 30, 'occupation':...nnovation', 'Learning']}, input_type=dict]
    For further information visit https://errors.pydantic.dev/2.11/v/missing
ERROR tests/unit/test_reporter.py::TestReporterAgent::test_calculate_metrics - pydantic_core._pydantic_core.ValidationError: 5 validation errors for PersonaAttributes
location
  Field required [type=missing, input_value={'age': 30, 'occupation':...nnovation', 'Learning']}, input_type=dict]
    For further information visit https://errors.pydantic.dev/2.11/v/missing
education_level
  Field required [type=missing, input_value={'age': 30, 'occupation':...nnovation', 'Learning']}, input_type=dict]
    For further information visit https://errors.pydantic.dev/2.11/v/missing
personality_traits
  Field required [type=missing, input_value={'age': 30, 'occupation':...nnovation', 'Learning']}, input_type=dict]
    For further information visit https://errors.pydantic.dev/2.11/v/missing
information_seeking_behavior
  Field required [type=missing, input_value={'age': 30, 'occupation':...nnovation', 'Learning']}, input_type=dict]
    For further information visit https://errors.pydantic.dev/2.11/v/missing
preferred_channels
  Field required [type=missing, input_value={'age': 30, 'occupation':...nnovation', 'Learning']}, input_type=dict]
    For further information visit https://errors.pydantic.dev/2.11/v/missing
ERROR tests/unit/test_reporter.py::TestReporterAgent::test_template_rendering - pydantic_core._pydantic_core.ValidationError: 5 validation errors for PersonaAttributes
location
  Field required [type=missing, input_value={'age': 30, 'occupation':...nnovation', 'Learning']}, input_type=dict]
    For further information visit https://errors.pydantic.dev/2.11/v/missing
education_level
  Field required [type=missing, input_value={'age': 30, 'occupation':...nnovation', 'Learning']}, input_type=dict]
    For further information visit https://errors.pydantic.dev/2.11/v/missing
personality_traits
  Field required [type=missing, input_value={'age': 30, 'occupation':...nnovation', 'Learning']}, input_type=dict]
    For further information visit https://errors.pydantic.dev/2.11/v/missing
information_seeking_behavior
  Field required [type=missing, input_value={'age': 30, 'occupation':...nnovation', 'Learning']}, input_type=dict]
    For further information visit https://errors.pydantic.dev/2.11/v/missing
preferred_channels
  Field required [type=missing, input_value={'age': 30, 'occupation':...nnovation', 'Learning']}, input_type=dict]
    For further information visit https://errors.pydantic.dev/2.11/v/missing
FAILED tests/unit/server/test_app.py::TestSimulationCreate::test_create_simulation_minimal - AssertionError: assert 'failed' == 'pending'
  
  - pending
  + failed
FAILED tests/unit/server/test_integration.py::TestOrchestratorIntegration::test_simulation_with_orchestrator_mock - AssertionError: assert False
 +  where False = <MagicMock name='OrchestratorAgent' id='123528371183456'>.called
FAILED tests/unit/test_aggregator.py::TestAggregatorAgent::test_single_evaluation - TypeError: 'EvaluationResult' object is not subscriptable
FAILED tests/unit/test_aggregator.py::TestAggregatorAgent::test_outlier_handling - TypeError: 'EvaluationResult' object is not subscriptable
FAILED tests/unit/test_aggregator.py::TestAggregatorAgent::test_aggregate_metrics_calculation - pydantic_core._pydantic_core.ValidationError: 1 validation error for EvaluationMetric
weight
  Field required [type=missing, input_value={'name': 'relevance', 'score': 90}, input_type=dict]
    For further information visit https://errors.pydantic.dev/2.11/v/missing
FAILED tests/unit/test_aggregator.py::TestAggregatorAgent::test_boundary_value_zero_score - pydantic_core._pydantic_core.ValidationError: 1 validation error for EvaluationMetric
weight
  Field required [type=missing, input_value={'name': 'relevance', 'score': 0}, input_type=dict]
    For further information visit https://errors.pydantic.dev/2.11/v/missing
FAILED tests/unit/test_aggregator.py::TestAggregatorAgent::test_boundary_value_maximum_score - pydantic_core._pydantic_core.ValidationError: 1 validation error for EvaluationMetric
weight
  Field required [type=missing, input_value={'name': 'relevance', 'score': 100}, input_type=dict]
    For further information visit https://errors.pydantic.dev/2.11/v/missing
FAILED tests/unit/test_aggregator.py::TestAggregatorAgent::test_boundary_value_invalid_negative_score - assert 'greater than or equal to 0' in "1 validation error for EvaluationMetric\nweight\n  Field required [type=missing, input_value={'name': 'relevance', 'score': 0}, input_type=dict]\n    For further information visit https://errors.pydantic.dev/2.11/v/missing"
 +  where "1 validation error for EvaluationMetric\nweight\n  Field required [type=missing, input_value={'name': 'relevance', 'score': 0}, input_type=dict]\n    For further information visit https://errors.pydantic.dev/2.11/v/missing" = str(1 validation error for EvaluationMetric\nweight\n  Field required [type=missing, input_value={'name': 'relevance', 'score': 0}, input_type=dict]\n    For further information visit https://errors.pydantic.dev/2.11/v/missing)
 +    where 1 validation error for EvaluationMetric\nweight\n  Field required [type=missing, input_value={'name': 'relevance', 'score': 0}, input_type=dict]\n    For further information visit https://errors.pydantic.dev/2.11/v/missing = <ExceptionInfo 1 validation error for EvaluationMetric\nweight\n  Field required [type=missing, input_value={'name': 'relevance', 'score': 0}, input_type=dict]\n    For further information visit https://errors.pydantic.dev/2.11/v/missing tblen=2>.value
FAILED tests/unit/test_aggregator.py::TestAggregatorAgent::test_boundary_value_invalid_above_maximum - assert 'less than or equal to 100' in "1 validation error for EvaluationMetric\nweight\n  Field required [type=missing, input_value={'name': 'relevance', 'score': 100}, input_type=dict]\n    For further information visit https://errors.pydantic.dev/2.11/v/missing"
 +  where "1 validation error for EvaluationMetric\nweight\n  Field required [type=missing, input_value={'name': 'relevance', 'score': 100}, input_type=dict]\n    For further information visit https://errors.pydantic.dev/2.11/v/missing" = str(1 validation error for EvaluationMetric\nweight\n  Field required [type=missing, input_value={'name': 'relevance', 'score': 100}, input_type=dict]\n    For further information visit https://errors.pydantic.dev/2.11/v/missing)
 +    where 1 validation error for EvaluationMetric\nweight\n  Field required [type=missing, input_value={'name': 'relevance', 'score': 100}, input_type=dict]\n    For further information visit https://errors.pydantic.dev/2.11/v/missing = <ExceptionInfo 1 validation error for EvaluationMetric\nweight\n  Field required [type=missing, input_value={'name': 'relevance', 'score': 100}, input_type=dict]\n    For further information visit https://errors.pydantic.dev/2.11/v/missing tblen=2>.value
FAILED tests/unit/test_aggregator.py::TestAggregatorAgent::test_large_dataset_aggregation - pydantic_core._pydantic_core.ValidationError: 1 validation error for EvaluationMetric
weight
  Field required [type=missing, input_value={'name': 'relevance', 'score': 55}, input_type=dict]
    For further information visit https://errors.pydantic.dev/2.11/v/missing
FAILED tests/unit/test_aggregator.py::TestAggregatorAgent::test_all_same_score_aggregation - pydantic_core._pydantic_core.ValidationError: 1 validation error for EvaluationMetric
weight
  Field required [type=missing, input_value={'name': 'relevance', 'score': 75}, input_type=dict]
    For further information visit https://errors.pydantic.dev/2.11/v/missing
FAILED tests/unit/test_aggregator.py::TestAggregatorAgent::test_extreme_outlier_detection - pydantic_core._pydantic_core.ValidationError: 1 validation error for EvaluationMetric
weight
  Field required [type=missing, input_value={'name': 'relevance', 'score': 75}, input_type=dict]
    For further information visit https://errors.pydantic.dev/2.11/v/missing
FAILED tests/unit/test_aggregator.py::TestAggregatorAgent::test_llm_insights_error_handling - pydantic_core._pydantic_core.ValidationError: 1 validation error for EvaluationMetric
weight
  Field required [type=missing, input_value={'name': 'relevance', 'score': 75}, input_type=dict]
    For further information visit https://errors.pydantic.dev/2.11/v/missing
FAILED tests/unit/test_aggregator.py::TestAggregatorAgent::test_empty_suggestions_handling - pydantic_core._pydantic_core.ValidationError: 1 validation error for EvaluationMetric
weight
  Field required [type=missing, input_value={'name': 'relevance', 'score': 90}, input_type=dict]
    For further information visit https://errors.pydantic.dev/2.11/v/missing
FAILED tests/unit/test_core_interfaces.py::TestBaseAgent::test_agent_creation - assert False
 +  where False = isinstance({}, PersonaAttributes)
 +    where {} = <test_core_interfaces.ConcreteTestAgent object at 0x705920a8ce20>.attributes
FAILED tests/unit/test_core_interfaces.py::TestBaseAgent::test_agent_with_custom_attributes - pydantic_core._pydantic_core.ValidationError: 6 validation errors for PersonaAttributes
location
  Field required [type=missing, input_value={'age': 30, 'occupation':...innovation', 'quality']}, input_type=dict]
    For further information visit https://errors.pydantic.dev/2.11/v/missing
education_level
  Field required [type=missing, input_value={'age': 30, 'occupation':...innovation', 'quality']}, input_type=dict]
    For further information visit https://errors.pydantic.dev/2.11/v/missing
interests
  Field required [type=missing, input_value={'age': 30, 'occupation':...innovation', 'quality']}, input_type=dict]
    For further information visit https://errors.pydantic.dev/2.11/v/missing
personality_traits
  Field required [type=missing, input_value={'age': 30, 'occupation':...innovation', 'quality']}, input_type=dict]
    For further information visit https://errors.pydantic.dev/2.11/v/missing
information_seeking_behavior
  Field required [type=missing, input_value={'age': 30, 'occupation':...innovation', 'quality']}, input_type=dict]
    For further information visit https://errors.pydantic.dev/2.11/v/missing
preferred_channels
  Field required [type=missing, input_value={'age': 30, 'occupation':...innovation', 'quality']}, input_type=dict]
    For further information visit https://errors.pydantic.dev/2.11/v/missing
FAILED tests/unit/test_core_interfaces.py::TestBaseAgent::test_agent_act - TypeError: Type Dict cannot be instantiated; use dict() instead
FAILED tests/unit/test_core_interfaces.py::TestBaseAgent::test_agent_update - TypeError: Type Dict cannot be instantiated; use dict() instead
FAILED tests/unit/test_core_interfaces.py::TestBaseEnvironment::test_environment_creation - TypeError: Type Dict cannot be instantiated; use dict() instead
FAILED tests/unit/test_core_interfaces.py::TestBaseEnvironment::test_add_remove_agents - TypeError: Type Dict cannot be instantiated; use dict() instead
FAILED tests/unit/test_core_interfaces.py::TestBaseEnvironment::test_get_observable_state - TypeError: Type Dict cannot be instantiated; use dict() instead
FAILED tests/unit/test_core_interfaces.py::TestBaseEnvironment::test_update_state - TypeError: Type Dict cannot be instantiated; use dict() instead
FAILED tests/unit/test_core_interfaces.py::TestBaseSimulation::test_simulation_creation - TypeError: Type Dict cannot be instantiated; use dict() instead
FAILED tests/unit/test_core_interfaces.py::TestBaseSimulation::test_add_plugin - TypeError: Type Dict cannot be instantiated; use dict() instead
FAILED tests/unit/test_core_interfaces.py::TestBaseSimulation::test_simulation_step - TypeError: Type Dict cannot be instantiated; use dict() instead
FAILED tests/unit/test_core_interfaces.py::TestBaseSimulation::test_simulation_run - TypeError: Type Dict cannot be instantiated; use dict() instead
FAILED tests/unit/test_core_interfaces.py::TestBaseSimulation::test_get_results - TypeError: Type Dict cannot be instantiated; use dict() instead
FAILED tests/unit/test_persona_generator.py::TestPersonaGenerator::test_generate_personas_structure - AssertionError: assert False
 +  where False = isinstance({'age': 32, 'occupation': 'Healthcare IT Director', 'interests': ['AI', 'healthcare innovation', 'digital health'], 'personality_traits': {<PersonalityType.OPENNESS: 'openness'>: 0.5, <PersonalityType.CONSCIENTIOUSNESS: 'conscientiousness'>: 0.5, <PersonalityType.EXTRAVERSION: 'extraversion'>: 0.5, <PersonalityType.AGREEABLENESS: 'agreeableness'>: 0.5, <PersonalityType.NEUROTICISM: 'neuroticism'>: 0.5}, 'content_sharing_likelihood': 0.8, 'influence_susceptibility': 0.5, 'influence_score': 0.5, 'network_centrality': 0.5, 'trust_level': {'article_source': 0.7}}, PersonaAttributes)
FAILED tests/unit/test_persona_generator.py::TestPersonaGenerator::test_generate_personas_with_multiple_slots - assert False
 +  where False = all(<generator object TestPersonaGenerator.test_generate_personas_with_multiple_slots.<locals>.<genexpr> at 0x7059207517e0>)
FAILED tests/unit/test_persona_generator.py::TestPersonaGenerator::test_convert_to_persona_attributes - AssertionError: assert False
 +  where False = isinstance({'age': 42, 'occupation': 'Radiologist', 'interests': ['medical imaging', 'AI diagnostics', 'patient safety'], 'personality_traits': {<PersonalityType.OPENNESS: 'openness'>: 0.5, <PersonalityType.CONSCIENTIOUSNESS: 'conscientiousness'>: 0.5, <PersonalityType.EXTRAVERSION: 'extraversion'>: 0.5, <PersonalityType.AGREEABLENESS: 'agreeableness'>: 0.5, <PersonalityType.NEUROTICISM: 'neuroticism'>: 0.5}, 'content_sharing_likelihood': 0.6, 'influence_susceptibility': 0.5, 'influence_score': 0.5, 'network_centrality': 0.5, 'trust_level': {'article_source': 0.7}}, PersonaAttributes)
FAILED tests/unit/test_persona_generator.py::TestPersonaGenerator::test_error_handling - AssertionError: assert False
 +  where False = isinstance({'age': 57, 'occupation': 'Professional', 'interests': ['technology', 'business', 'current events'], 'personality_traits': {<PersonalityType.OPENNESS: 'openness'>: 0.7, <PersonalityType.CONSCIENTIOUSNESS: 'conscientiousness'>: 0.6, <PersonalityType.EXTRAVERSION: 'extraversion'>: 0.5, <PersonalityType.AGREEABLENESS: 'agreeableness'>: 0.6, <PersonalityType.NEUROTICISM: 'neuroticism'>: 0.3}, 'content_sharing_likelihood': 0.5, 'influence_susceptibility': 0.5, 'influence_score': 0.5, 'network_centrality': 0.5, 'trust_level': {'article_source': 0.5}}, PersonaAttributes)
FAILED tests/unit/test_persona_generator.py::TestPersonaGenerator::test_persona_count_compliance - assert False
 +  where False = all(<generator object TestPersonaGenerator.test_persona_count_compliance.<locals>.<genexpr> at 0x7059208a5e70>)
====== 32 failed, 118 passed, 6 warnings, 17 errors in 230.39s (0:03:50) =======
